2025-04-08 19:25:19.473373 - Received CBT.V508.FILE119.PDS from FILE119.XMI 
2025-04-08 19:25:19.480425 - Found $$$#DATE.txt (text/plain) in CBT.V508.FILE119.PDS, moved to PDS/$$$#DATE
2025-04-08 19:25:19.481974 - Found $$DOC.txt (text/plain) in CBT.V508.FILE119.PDS, moved to PDS/$$DOC
2025-04-08 19:25:19.483268 - Found $$NOTE01.txt (text/plain) in CBT.V508.FILE119.PDS, moved to PDS/$$NOTE01
2025-04-08 19:25:19.484578 - Found $$NOTE02.txt (text/plain) in CBT.V508.FILE119.PDS, moved to PDS/$$NOTE02
2025-04-08 19:25:19.498957 - Found $$NOTE03.txt (text/plain) in CBT.V508.FILE119.PDS, moved to PDS/$$NOTE03
2025-04-08 19:25:19.500281 - Found $$NOTE04.txt (text/plain) in CBT.V508.FILE119.PDS, moved to PDS/$$NOTE04
2025-04-08 19:25:19.501584 - Found $INDEX.txt (text/plain) in CBT.V508.FILE119.PDS, moved to PDS/$INDEX
2025-04-08 19:25:19.503057 - Found @FILE119.txt (text/plain) in CBT.V508.FILE119.PDS, moved to PDS/@FILE119
2025-04-08 19:25:19.504391 - Found APUT.txt (text/plain) in CBT.V508.FILE119.PDS, moved to PDS/APUT
2025-04-08 19:25:19.505770 - Found ASHELP.txt (text/plain) in CBT.V508.FILE119.PDS, moved to PDS/ASHELP
2025-04-08 19:25:19.507440 - Found ASID.txt (text/plain) in CBT.V508.FILE119.PDS, moved to PDS/ASID
2025-04-08 19:25:19.508719 - Found B.x-Algol68 (text/x-Algol68) in CBT.V508.FILE119.PDS, moved to PDS/B
2025-04-08 19:25:19.509994 - Found CALL#.txt (text/plain) in CBT.V508.FILE119.PDS, moved to PDS/CALL#
2025-04-08 19:25:19.511443 - Found CLRHELP.txt (text/plain) in CBT.V508.FILE119.PDS, moved to PDS/CLRHELP
2025-04-08 19:25:19.512894 - Found CLR3270.jcl (text/plain) in CBT.V508.FILE119.PDS, moved to PDS/CLR3270
2025-04-08 19:25:19.514486 - Found CLR3270A.txt (text/plain) in CBT.V508.FILE119.PDS, moved to PDS/CLR3270A
2025-04-08 19:25:19.515844 - Found CLR3270B.jcl (text/plain) in CBT.V508.FILE119.PDS, moved to PDS/CLR3270B
2025-04-08 19:25:19.517116 - Found CLR3270Z.txt (text/plain) in CBT.V508.FILE119.PDS, moved to PDS/CLR3270Z
2025-04-08 19:25:19.518400 - Found CPPL.txt (text/plain) in CBT.V508.FILE119.PDS, moved to PDS/CPPL
2025-04-08 19:25:19.519828 - Found CSPL.txt (text/plain) in CBT.V508.FILE119.PDS, moved to PDS/CSPL
2025-04-08 19:25:19.521086 - Found DATA#.txt (text/plain) in CBT.V508.FILE119.PDS, moved to PDS/DATA#
2025-04-08 19:25:19.522295 - Found DO.txt (text/plain) in CBT.V508.FILE119.PDS, moved to PDS/DO
2025-04-08 19:25:19.523569 - Found DOWHILE.txt (text/plain) in CBT.V508.FILE119.PDS, moved to PDS/DOWHILE
2025-04-08 19:25:19.524884 - Found DOWHLOR.txt (text/plain) in CBT.V508.FILE119.PDS, moved to PDS/DOWHLOR
2025-04-08 19:25:19.526127 - Found DYNAJOB.txt (text/plain) in CBT.V508.FILE119.PDS, moved to PDS/DYNAJOB
2025-04-08 19:25:19.536194 - Found DYNANAME.txt (text/plain) in CBT.V508.FILE119.PDS, moved to PDS/DYNANAME
2025-04-08 19:25:19.537507 - Found E.x-Algol68 (text/x-Algol68) in CBT.V508.FILE119.PDS, moved to PDS/E
2025-04-08 19:25:19.538969 - Found ELSE.txt (text/plain) in CBT.V508.FILE119.PDS, moved to PDS/ELSE
2025-04-08 19:25:19.540476 - Found END#.txt (text/plain) in CBT.V508.FILE119.PDS, moved to PDS/END#
2025-04-08 19:25:19.541881 - Found ENDDATA#.txt (text/plain) in CBT.V508.FILE119.PDS, moved to PDS/ENDDATA#
2025-04-08 19:25:19.543156 - Found ENDDO.txt (text/plain) in CBT.V508.FILE119.PDS, moved to PDS/ENDDO
2025-04-08 19:25:19.544544 - Found ENDIF.txt (text/plain) in CBT.V508.FILE119.PDS, moved to PDS/ENDIF
2025-04-08 19:25:19.545760 - Found ENTRE#.txt (text/plain) in CBT.V508.FILE119.PDS, moved to PDS/ENTRE#
2025-04-08 19:25:19.547030 - Found EOJ.txt (text/plain) in CBT.V508.FILE119.PDS, moved to PDS/EOJ
2025-04-08 19:25:19.548340 - Found EPUTL.txt (text/plain) in CBT.V508.FILE119.PDS, moved to PDS/EPUTL
2025-04-08 19:25:19.549587 - Found EPUTL$.jcl (text/plain) in CBT.V508.FILE119.PDS, moved to PDS/EPUTL$
2025-04-08 19:25:19.550901 - Found EPUTL01.txt (text/plain) in CBT.V508.FILE119.PDS, moved to PDS/EPUTL01
2025-04-08 19:25:19.552231 - Found EPUTL02.txt (text/plain) in CBT.V508.FILE119.PDS, moved to PDS/EPUTL02
2025-04-08 19:25:19.561303 - Found EXIT#.txt (text/plain) in CBT.V508.FILE119.PDS, moved to PDS/EXIT#
2025-04-08 19:25:19.562636 - Found GENC.txt (text/plain) in CBT.V508.FILE119.PDS, moved to PDS/GENC
2025-04-08 19:25:19.564368 - Found HMDCHRON.txt (text/plain) in CBT.V508.FILE119.PDS, moved to PDS/HMDCHRON
2025-04-08 19:25:19.565696 - Found HTIME.txt (text/plain) in CBT.V508.FILE119.PDS, moved to PDS/HTIME
2025-04-08 19:25:19.567422 - Found IEFDB401.txt (text/plain) in CBT.V508.FILE119.PDS, moved to PDS/IEFDB401
2025-04-08 19:25:19.568900 - Found IEXIT#.txt (text/plain) in CBT.V508.FILE119.PDS, moved to PDS/IEXIT#
2025-04-08 19:25:19.570437 - Found IF.txt (text/plain) in CBT.V508.FILE119.PDS, moved to PDS/IF
2025-04-08 19:25:19.571882 - Found IFOR.txt (text/plain) in CBT.V508.FILE119.PDS, moved to PDS/IFOR
2025-04-08 19:25:19.573581 - Found INIT#.txt (text/plain) in CBT.V508.FILE119.PDS, moved to PDS/INIT#
2025-04-08 19:25:19.575043 - Found INUSE.txt (text/plain) in CBT.V508.FILE119.PDS, moved to PDS/INUSE
2025-04-08 19:25:19.576381 - Found IOPL.txt (text/plain) in CBT.V508.FILE119.PDS, moved to PDS/IOPL
2025-04-08 19:25:19.577872 - Found JESUX006.txt (text/plain) in CBT.V508.FILE119.PDS, moved to PDS/JESUX006
2025-04-08 19:25:19.579266 - Found JOBNAME.txt (text/plain) in CBT.V508.FILE119.PDS, moved to PDS/JOBNAME
2025-04-08 19:25:19.580622 - Found JULDATE.txt (text/plain) in CBT.V508.FILE119.PDS, moved to PDS/JULDATE
2025-04-08 19:25:19.582129 - Found JULGREG.txt (text/plain) in CBT.V508.FILE119.PDS, moved to PDS/JULGREG
2025-04-08 19:25:19.583687 - Found LDROP.txt (text/plain) in CBT.V508.FILE119.PDS, moved to PDS/LDROP
2025-04-08 19:25:19.585019 - Found LM00038.jcl (text/plain) in CBT.V508.FILE119.PDS, moved to PDS/LM00038
2025-04-08 19:25:19.586500 - Found LM00039.jcl (text/plain) in CBT.V508.FILE119.PDS, moved to PDS/LM00039
2025-04-08 19:25:19.587969 - Found LUSE.txt (text/plain) in CBT.V508.FILE119.PDS, moved to PDS/LUSE
2025-04-08 19:25:19.589487 - Found MAKEDAY.txt (text/plain) in CBT.V508.FILE119.PDS, moved to PDS/MAKEDAY
2025-04-08 19:25:19.591074 - Found PDFHELP.txt (text/plain) in CBT.V508.FILE119.PDS, moved to PDS/PDFHELP
2025-04-08 19:25:19.592930 - Found PDFINIT.txt (text/plain) in CBT.V508.FILE119.PDS, moved to PDS/PDFINIT
2025-04-08 19:25:19.594339 - Found REGS.txt (text/plain) in CBT.V508.FILE119.PDS, moved to PDS/REGS
2025-04-08 19:25:19.595838 - Found SEQCK.txt (text/plain) in CBT.V508.FILE119.PDS, moved to PDS/SEQCK
2025-04-08 19:25:19.597369 - Found SETREG.txt (text/plain) in CBT.V508.FILE119.PDS, moved to PDS/SETREG
2025-04-08 19:25:19.598844 - Found SM.jcl (text/plain) in CBT.V508.FILE119.PDS, moved to PDS/SM
2025-04-08 19:25:19.600253 - Found STCADOC.txt (text/plain) in CBT.V508.FILE119.PDS, moved to PDS/STCADOC
2025-04-08 19:25:19.601644 - Found TSOENTEO.txt (text/plain) in CBT.V508.FILE119.PDS, moved to PDS/TSOENTEO
2025-04-08 19:25:19.603041 - Found TSOENTER.txt (text/plain) in CBT.V508.FILE119.PDS, moved to PDS/TSOENTER
2025-04-08 19:25:19.604512 - Found TSOLEAVE.txt (text/plain) in CBT.V508.FILE119.PDS, moved to PDS/TSOLEAVE
2025-04-08 19:25:19.605998 - Found TSOLEAVO.txt (text/plain) in CBT.V508.FILE119.PDS, moved to PDS/TSOLEAVO
2025-04-08 19:25:19.607569 - Found UNITDOC.txt (text/plain) in CBT.V508.FILE119.PDS, moved to PDS/UNITDOC
2025-04-08 19:25:19.609050 - Found UNTIL.txt (text/plain) in CBT.V508.FILE119.PDS, moved to PDS/UNTIL
2025-04-08 19:25:19.610589 - Found UNTILOR.txt (text/plain) in CBT.V508.FILE119.PDS, moved to PDS/UNTILOR
2025-04-08 19:25:19.612045 - Found XABSM.txt (text/plain) in CBT.V508.FILE119.PDS, moved to PDS/XABSM
2025-04-08 19:25:19.613491 - Found XFERDOC.txt (text/plain) in CBT.V508.FILE119.PDS, moved to PDS/XFERDOC
2025-04-08 19:25:19.614904 - Found XFERINST.txt (text/plain) in CBT.V508.FILE119.PDS, moved to PDS/XFERINST
2025-04-08 19:25:19.633924 - Found XFERJOB.jcl (text/plain) in CBT.V508.FILE119.PDS, moved to PDS/XFERJOB
2025-04-08 19:25:19.635362 - Found XFERUTIL.txt (text/plain) in CBT.V508.FILE119.PDS, moved to PDS/XFERUTIL
2025-04-08 19:25:19.637036 - Found XFERVOL.txt (text/plain) in CBT.V508.FILE119.PDS, moved to PDS/XFERVOL
2025-04-08 19:25:19.638687 - Found XFERWTO.txt (text/plain) in CBT.V508.FILE119.PDS, moved to PDS/XFERWTO
2025-04-08 19:25:19.640011 - Found XFER1.txt (text/plain) in CBT.V508.FILE119.PDS, moved to PDS/XFER1
2025-04-08 19:25:19.641883 - Found XFER2.txt (text/plain) in CBT.V508.FILE119.PDS, moved to PDS/XFER2
2025-04-08 19:25:19.643339 - Found XIX.x-Algol68 (text/x-Algol68) in CBT.V508.FILE119.PDS, moved to PDS/XIX
2025-04-08 19:25:19.644836 - Found XIXHELP.txt (text/plain) in CBT.V508.FILE119.PDS, moved to PDS/XIXHELP
2025-04-08 19:25:19.646325 - Found X1.txt (text/plain) in CBT.V508.FILE119.PDS, moved to PDS/X1
